# JRE version: OpenJDK Runtime Environment (8.0_181-b13) (build 1.8.0_181-8u181-b13-2~deb9u1-b13)
# Java VM: OpenJDK 64-Bit Server VM (25.181-b13 mixed mode linux-amd64 compressed oops)
Heap:
 PSYoungGen      total 134656K, used 31823K [0x00000000f6900000, 0x0000000100000000, 0x0000000100000000)
  eden space 125952K, 18% used [0x00000000f6900000,0x00000000f7ff1a18,0x00000000fe400000)
  from space 8704K, 95% used [0x00000000fe400000,0x00000000fec22328,0x00000000fec80000)
  to   space 10240K, 0% used [0x00000000ff600000,0x00000000ff600000,0x0000000100000000)
 ParOldGen       total 38912K, used 18091K [0x00000000e3a00000, 0x00000000e6000000, 0x00000000f6900000)
  object space 38912K, 46% used [0x00000000e3a00000,0x00000000e4baae88,0x00000000e6000000)
 Metaspace       used 39569K, capacity 41048K, committed 41216K, reserved 1085440K
  class space    used 5076K, capacity 5352K, committed 5376K, reserved 1048576K
GC Heap History (10 events):
Event: 4.095 GC heap before
{Heap before GC invocations=11 (full 1):
 PSYoungGen      total 68608K, used 63488K [0x00000000f6900000, 0x00000000fd980000, 0x0000000100000000)
  eden space 63488K, 100% used [0x00000000f6900000,0x00000000fa700000,0x00000000fa700000)
  from space 5120K, 0% used [0x00000000fa700000,0x00000000fa700000,0x00000000fac00000)
  to   space 6656K, 0% used [0x00000000fd300000,0x00000000fd300000,0x00000000fd980000)
 ParOldGen       total 23040K, used 9877K [0x00000000e3a00000, 0x00000000e5080000, 0x00000000f6900000)
  object space 23040K, 42% used [0x00000000e3a00000,0x00000000e43a54d8,0x00000000e5080000)
 Metaspace       used 24514K, capacity 25208K, committed 25344K, reserved 1071104K
  class space    used 3079K, capacity 3272K, committed 3328K, reserved 1048576K
Event: 4.108 GC heap after
Heap after GC invocations=11 (full 1):
 PSYoungGen      total 96768K, used 6625K [0x00000000f6900000, 0x00000000fd980000, 0x0000000100000000)
  eden space 90112K, 0% used [0x00000000f6900000,0x00000000f6900000,0x00000000fc100000)
  from space 6656K, 99% used [0x00000000fd300000,0x00000000fd978630,0x00000000fd980000)
  to   space 8192K, 0% used [0x00000000fc980000,0x00000000fc980000,0x00000000fd180000)
 ParOldGen       total 23040K, used 11429K [0x00000000e3a00000, 0x00000000e5080000, 0x00000000f6900000)
  object space 23040K, 49% used [0x00000000e3a00000,0x00000000e4529510,0x00000000e5080000)
 Metaspace       used 24514K, capacity 25208K, committed 25344K, reserved 1071104K
  class space    used 3079K, capacity 3272K, committed 3328K, reserved 1048576K
}
Event: 5.417 GC heap before
{Heap before GC invocations=12 (full 1):
 PSYoungGen      total 96768K, used 96737K [0x00000000f6900000, 0x00000000fd980000, 0x0000000100000000)
  eden space 90112K, 100% used [0x00000000f6900000,0x00000000fc100000,0x00000000fc100000)
  from space 6656K, 99% used [0x00000000fd300000,0x00000000fd978630,0x00000000fd980000)
  to   space 8192K, 0% used [0x00000000fc980000,0x00000000fc980000,0x00000000fd180000)
 ParOldGen       total 23040K, used 11429K [0x00000000e3a00000, 0x00000000e5080000, 0x00000000f6900000)
  object space 23040K, 49% used [0x00000000e3a00000,0x00000000e4529510,0x00000000e5080000)
 Metaspace       used 27665K, capacity 28556K, committed 28672K, reserved 1075200K
  class space    used 3518K, capacity 3732K, committed 3840K, reserved 1048576K
Event: 5.440 GC heap after
Heap after GC invocations=12 (full 1):
 PSYoungGen      total 107008K, used 4960K [0x00000000f6900000, 0x00000000ff500000, 0x0000000100000000)
  eden space 98816K, 0% used [0x00000000f6900000,0x00000000f6900000,0x00000000fc980000)
  from space 8192K, 60% used [0x00000000fc980000,0x00000000fce580f8,0x00000000fd180000)
  to   space 8704K, 0% used [0x00000000fec80000,0x00000000fec80000,0x00000000ff500000)
 ParOldGen       total 23040K, used 17766K [0x00000000e3a00000, 0x00000000e5080000, 0x00000000f6900000)
  object space 23040K, 77% used [0x00000000e3a00000,0x00000000e4b59898,0x00000000e5080000)
 Metaspace       used 27665K, capacity 28556K, committed 28672K, reserved 1075200K
  class space    used 3518K, capacity 3732K, committed 3840K, reserved 1048576K
}
Event: 6.886 GC heap before
{Heap before GC invocations=13 (full 1):
 PSYoungGen      total 107008K, used 103769K [0x00000000f6900000, 0x00000000ff500000, 0x0000000100000000)
  eden space 98816K, 99% used [0x00000000f6900000,0x00000000fc97e6f0,0x00000000fc980000)
  from space 8192K, 60% used [0x00000000fc980000,0x00000000fce580f8,0x00000000fd180000)
  to   space 8704K, 0% used [0x00000000fec80000,0x00000000fec80000,0x00000000ff500000)
 ParOldGen       total 23040K, used 17766K [0x00000000e3a00000, 0x00000000e5080000, 0x00000000f6900000)
  object space 23040K, 77% used [0x00000000e3a00000,0x00000000e4b59898,0x00000000e5080000)
 Metaspace       used 31535K, capacity 32926K, committed 33024K, reserved 1077248K
  class space    used 3984K, capacity 4281K, committed 4352K, reserved 1048576K
Event: 6.911 GC heap after
Heap after GC invocations=13 (full 1):
 PSYoungGen      total 134656K, used 5843K [0x00000000f6900000, 0x00000000ffe80000, 0x0000000100000000)
  eden space 125952K, 0% used [0x00000000f6900000,0x00000000f6900000,0x00000000fe400000)
  from space 8704K, 67% used [0x00000000fec80000,0x00000000ff234e10,0x00000000ff500000)
  to   space 8704K, 0% used [0x00000000fe400000,0x00000000fe400000,0x00000000fec80000)
 ParOldGen       total 23040K, used 19629K [0x00000000e3a00000, 0x00000000e5080000, 0x00000000f6900000)
  object space 23040K, 85% used [0x00000000e3a00000,0x00000000e4d2b7d8,0x00000000e5080000)
 Metaspace       used 31535K, capacity 32926K, committed 33024K, reserved 1077248K
  class space    used 3984K, capacity 4281K, committed 4352K, reserved 1048576K
}
Event: 6.911 GC heap before
{Heap before GC invocations=14 (full 2):
 PSYoungGen      total 134656K, used 5843K [0x00000000f6900000, 0x00000000ffe80000, 0x0000000100000000)
  eden space 125952K, 0% used [0x00000000f6900000,0x00000000f6900000,0x00000000fe400000)
  from space 8704K, 67% used [0x00000000fec80000,0x00000000ff234e10,0x00000000ff500000)
  to   space 8704K, 0% used [0x00000000fe400000,0x00000000fe400000,0x00000000fec80000)
 ParOldGen       total 23040K, used 19629K [0x00000000e3a00000, 0x00000000e5080000, 0x00000000f6900000)
  object space 23040K, 85% used [0x00000000e3a00000,0x00000000e4d2b7d8,0x00000000e5080000)
 Metaspace       used 31535K, capacity 32926K, committed 33024K, reserved 1077248K
  class space    used 3984K, capacity 4281K, committed 4352K, reserved 1048576K
Event: 7.095 GC heap after
Heap after GC invocations=14 (full 2):
 PSYoungGen      total 134656K, used 0K [0x00000000f6900000, 0x00000000ffe80000, 0x0000000100000000)
  eden space 125952K, 0% used [0x00000000f6900000,0x00000000f6900000,0x00000000fe400000)
  from space 8704K, 0% used [0x00000000fec80000,0x00000000fec80000,0x00000000ff500000)
  to   space 8704K, 0% used [0x00000000fe400000,0x00000000fe400000,0x00000000fec80000)
 ParOldGen       total 38912K, used 18083K [0x00000000e3a00000, 0x00000000e6000000, 0x00000000f6900000)
  object space 38912K, 46% used [0x00000000e3a00000,0x00000000e4ba8e88,0x00000000e6000000)
 Metaspace       used 31535K, capacity 32926K, committed 33024K, reserved 1077248K
  class space    used 3984K, capacity 4281K, committed 4352K, reserved 1048576K
}
Event: 16.888 GC heap before
{Heap before GC invocations=15 (full 2):
 PSYoungGen      total 134656K, used 125952K [0x00000000f6900000, 0x00000000ffe80000, 0x0000000100000000)
  eden space 125952K, 100% used [0x00000000f6900000,0x00000000fe400000,0x00000000fe400000)
  from space 8704K, 0% used [0x00000000fec80000,0x00000000fec80000,0x00000000ff500000)
  to   space 8704K, 0% used [0x00000000fe400000,0x00000000fe400000,0x00000000fec80000)
 ParOldGen       total 38912K, used 18083K [0x00000000e3a00000, 0x00000000e6000000, 0x00000000f6900000)
  object space 38912K, 46% used [0x00000000e3a00000,0x00000000e4ba8e88,0x00000000e6000000)
 Metaspace       used 37706K, capacity 39192K, committed 39424K, reserved 1083392K
  class space    used 4756K, capacity 5054K, committed 5120K, reserved 1048576K
Event: 17.078 GC heap after
Heap after GC invocations=15 (full 2):
 PSYoungGen      total 134656K, used 8328K [0x00000000f6900000, 0x0000000100000000, 0x0000000100000000)
  eden space 125952K, 0% used [0x00000000f6900000,0x00000000f6900000,0x00000000fe400000)
  from space 8704K, 95% used [0x00000000fe400000,0x00000000fec22328,0x00000000fec80000)
  to   space 10240K, 0% used [0x00000000ff600000,0x00000000ff600000,0x0000000100000000)
 ParOldGen       total 38912K, used 18091K [0x00000000e3a00000, 0x00000000e6000000, 0x00000000f6900000)
  object space 38912K, 46% used [0x00000000e3a00000,0x00000000e4baae88,0x00000000e6000000)
 Metaspace       used 37706K, capacity 39192K, committed 39424K, reserved 1083392K
  class space    used 4756K, capacity 5054K, committed 5120K, reserved 1048576K
}

