# JRE version: OpenJDK Runtime Environment (8.0_181-b13) (build 1.8.0_181-8u181-b13-2~deb9u1-b13)
# Java VM: OpenJDK 64-Bit Server VM (25.181-b13 mixed mode linux-amd64 compressed oops)
Heap:
 PSYoungGen      total 140288K, used 0K [0x00000000f6900000, 0x0000000100000000, 0x0000000100000000)
  eden space 129024K, 0% used [0x00000000f6900000,0x00000000f6900000,0x00000000fe700000)
  from space 11264K, 0% used [0x00000000ff500000,0x00000000ff500000,0x0000000100000000)
  to   space 12800K, 0% used [0x00000000fe700000,0x00000000fe700000,0x00000000ff380000)
 ParOldGen       total 33280K, used 29168K [0x00000000e3a00000, 0x00000000e5a80000, 0x00000000f6900000)
  object space 33280K, 87% used [0x00000000e3a00000,0x00000000e567c010,0x00000000e5a80000)
 Metaspace       used 46453K, capacity 47928K, committed 48216K, reserved 1091584K
  class space    used 6019K, capacity 6312K, committed 6400K, reserved 1048576K
GC Heap History (10 events):
Event: 6.695 GC heap after
Heap after GC invocations=12 (full 1):
 PSYoungGen      total 106496K, used 5141K [0x00000000f6900000, 0x0000000100000000, 0x0000000100000000)
  eden space 97792K, 0% used [0x00000000f6900000,0x00000000f6900000,0x00000000fc880000)
  from space 8704K, 59% used [0x00000000fc880000,0x00000000fcd856d8,0x00000000fd100000)
  to   space 8704K, 0% used [0x00000000ff780000,0x00000000ff780000,0x0000000100000000)
 ParOldGen       total 22528K, used 18437K [0x00000000e3a00000, 0x00000000e5000000, 0x00000000f6900000)
  object space 22528K, 81% used [0x00000000e3a00000,0x00000000e4c01408,0x00000000e5000000)
 Metaspace       used 27854K, capacity 28786K, committed 28928K, reserved 1075200K
  class space    used 3526K, capacity 3765K, committed 3840K, reserved 1048576K
}
Event: 6.695 GC heap before
{Heap before GC invocations=13 (full 2):
 PSYoungGen      total 106496K, used 5141K [0x00000000f6900000, 0x0000000100000000, 0x0000000100000000)
  eden space 97792K, 0% used [0x00000000f6900000,0x00000000f6900000,0x00000000fc880000)
  from space 8704K, 59% used [0x00000000fc880000,0x00000000fcd856d8,0x00000000fd100000)
  to   space 8704K, 0% used [0x00000000ff780000,0x00000000ff780000,0x0000000100000000)
 ParOldGen       total 22528K, used 18437K [0x00000000e3a00000, 0x00000000e5000000, 0x00000000f6900000)
  object space 22528K, 81% used [0x00000000e3a00000,0x00000000e4c01408,0x00000000e5000000)
 Metaspace       used 27854K, capacity 28786K, committed 28928K, reserved 1075200K
  class space    used 3526K, capacity 3765K, committed 3840K, reserved 1048576K
Event: 6.811 GC heap after
Heap after GC invocations=13 (full 2):
 PSYoungGen      total 106496K, used 0K [0x00000000f6900000, 0x0000000100000000, 0x0000000100000000)
  eden space 97792K, 0% used [0x00000000f6900000,0x00000000f6900000,0x00000000fc880000)
  from space 8704K, 0% used [0x00000000fc880000,0x00000000fc880000,0x00000000fd100000)
  to   space 8704K, 0% used [0x00000000ff780000,0x00000000ff780000,0x0000000100000000)
 ParOldGen       total 33280K, used 15527K [0x00000000e3a00000, 0x00000000e5a80000, 0x00000000f6900000)
  object space 33280K, 46% used [0x00000000e3a00000,0x00000000e4929e28,0x00000000e5a80000)
 Metaspace       used 27854K, capacity 28786K, committed 28928K, reserved 1075200K
  class space    used 3526K, capacity 3765K, committed 3840K, reserved 1048576K
}
Event: 8.456 GC heap before
{Heap before GC invocations=14 (full 2):
 PSYoungGen      total 106496K, used 97780K [0x00000000f6900000, 0x0000000100000000, 0x0000000100000000)
  eden space 97792K, 99% used [0x00000000f6900000,0x00000000fc87d0f8,0x00000000fc880000)
  from space 8704K, 0% used [0x00000000fc880000,0x00000000fc880000,0x00000000fd100000)
  to   space 8704K, 0% used [0x00000000ff780000,0x00000000ff780000,0x0000000100000000)
 ParOldGen       total 33280K, used 15527K [0x00000000e3a00000, 0x00000000e5a80000, 0x00000000f6900000)
  object space 33280K, 46% used [0x00000000e3a00000,0x00000000e4929e28,0x00000000e5a80000)
 Metaspace       used 31531K, capacity 32990K, committed 33280K, reserved 1079296K
  class space    used 3983K, capacity 4281K, committed 4352K, reserved 1048576K
Event: 8.468 GC heap after
Heap after GC invocations=14 (full 2):
 PSYoungGen      total 138752K, used 5675K [0x00000000f6900000, 0x00000000ffd80000, 0x0000000100000000)
  eden space 132608K, 0% used [0x00000000f6900000,0x00000000f6900000,0x00000000fea80000)
  from space 6144K, 92% used [0x00000000ff780000,0x00000000ffd0ae90,0x00000000ffd80000)
  to   space 8704K, 0% used [0x00000000fec80000,0x00000000fec80000,0x00000000ff500000)
 ParOldGen       total 33280K, used 15535K [0x00000000e3a00000, 0x00000000e5a80000, 0x00000000f6900000)
  object space 33280K, 46% used [0x00000000e3a00000,0x00000000e492be28,0x00000000e5a80000)
 Metaspace       used 31531K, capacity 32990K, committed 33280K, reserved 1079296K
  class space    used 3983K, capacity 4281K, committed 4352K, reserved 1048576K
}
Event: 10.999 GC heap before
{Heap before GC invocations=15 (full 2):
 PSYoungGen      total 138752K, used 138283K [0x00000000f6900000, 0x00000000ffd80000, 0x0000000100000000)
  eden space 132608K, 100% used [0x00000000f6900000,0x00000000fea80000,0x00000000fea80000)
  from space 6144K, 92% used [0x00000000ff780000,0x00000000ffd0ae90,0x00000000ffd80000)
  to   space 8704K, 0% used [0x00000000fec80000,0x00000000fec80000,0x00000000ff500000)
 ParOldGen       total 33280K, used 15535K [0x00000000e3a00000, 0x00000000e5a80000, 0x00000000f6900000)
  object space 33280K, 46% used [0x00000000e3a00000,0x00000000e492be28,0x00000000e5a80000)
 Metaspace       used 38316K, capacity 39814K, committed 40064K, reserved 1083392K
  class space    used 4866K, capacity 5153K, committed 5248K, reserved 1048576K
Event: 11.020 GC heap after
Heap after GC invocations=15 (full 2):
 PSYoungGen      total 143360K, used 8683K [0x00000000f6900000, 0x0000000100000000, 0x0000000100000000)
  eden space 134656K, 0% used [0x00000000f6900000,0x00000000f6900000,0x00000000fec80000)
  from space 8704K, 99% used [0x00000000fec80000,0x00000000ff4fad20,0x00000000ff500000)
  to   space 11264K, 0% used [0x00000000ff500000,0x00000000ff500000,0x0000000100000000)
 ParOldGen       total 33280K, used 19104K [0x00000000e3a00000, 0x00000000e5a80000, 0x00000000f6900000)
  object space 33280K, 57% used [0x00000000e3a00000,0x00000000e4ca8118,0x00000000e5a80000)
 Metaspace       used 38316K, capacity 39814K, committed 40064K, reserved 1083392K
  class space    used 4866K, capacity 5153K, committed 5248K, reserved 1048576K
}
Event: 18.807 GC heap before
{Heap before GC invocations=16 (full 2):
 PSYoungGen      total 143360K, used 101980K [0x00000000f6900000, 0x0000000100000000, 0x0000000100000000)
  eden space 134656K, 69% used [0x00000000f6900000,0x00000000fc41c4a8,0x00000000fec80000)
  from space 8704K, 99% used [0x00000000fec80000,0x00000000ff4fad20,0x00000000ff500000)
  to   space 11264K, 0% used [0x00000000ff500000,0x00000000ff500000,0x0000000100000000)
 ParOldGen       total 33280K, used 19104K [0x00000000e3a00000, 0x00000000e5a80000, 0x00000000f6900000)
  object space 33280K, 57% used [0x00000000e3a00000,0x00000000e4ca8118,0x00000000e5a80000)
 Metaspace       used 46453K, capacity 47928K, committed 48216K, reserved 1091584K
  class space    used 6019K, capacity 6312K, committed 6400K, reserved 1048576K
Event: 18.869 GC heap after
Heap after GC invocations=16 (full 2):
 PSYoungGen      total 140288K, used 9669K [0x00000000f6900000, 0x0000000100000000, 0x0000000100000000)
  eden space 129024K, 0% used [0x00000000f6900000,0x00000000f6900000,0x00000000fe700000)
  from space 11264K, 85% used [0x00000000ff500000,0x00000000ffe71450,0x0000000100000000)
  to   space 12800K, 0% used [0x00000000fe700000,0x00000000fe700000,0x00000000ff380000)
 ParOldGen       total 33280K, used 23488K [0x00000000e3a00000, 0x00000000e5a80000, 0x00000000f6900000)
  object space 33280K, 70% used [0x00000000e3a00000,0x00000000e50f0150,0x00000000e5a80000)
 Metaspace       used 46453K, capacity 47928K, committed 48216K, reserved 1091584K
  class space    used 6019K, capacity 6312K, committed 6400K, reserved 1048576K
}
Event: 18.869 GC heap before
{Heap before GC invocations=17 (full 3):
 PSYoungGen      total 140288K, used 9669K [0x00000000f6900000, 0x0000000100000000, 0x0000000100000000)
  eden space 129024K, 0% used [0x00000000f6900000,0x00000000f6900000,0x00000000fe700000)
  from space 11264K, 85% used [0x00000000ff500000,0x00000000ffe71450,0x0000000100000000)
  to   space 12800K, 0% used [0x00000000fe700000,0x00000000fe700000,0x00000000ff380000)
 ParOldGen       total 33280K, used 23488K [0x00000000e3a00000, 0x00000000e5a80000, 0x00000000f6900000)
  object space 33280K, 70% used [0x00000000e3a00000,0x00000000e50f0150,0x00000000e5a80000)
 Metaspace       used 46453K, capacity 47928K, committed 48216K, reserved 1091584K
  class space    used 6019K, capacity 6312K, committed 6400K, reserved 1048576K

